<?xml version="1.0" encoding="UTF-8"?>
<testng-results ignored="0" total="2" passed="2" failed="0" skipped="0">
  <reporter-output>
  </reporter-output>
  <suite started-at="2025-12-25T15:04:51 IST" name="Suite" finished-at="2025-12-25T15:05:01 IST" duration-ms="10696">
    <groups>
      <group name="Master">
        <method signature="TC001_AccountRegistrationTest.verify_account_registartion()[pri:0, instance:testCases.TC001_AccountRegistrationTest@73173f63]" name="verify_account_registartion" class="testCases.TC001_AccountRegistrationTest"/>
        <method signature="TC002_LoginTest.verify_login()[pri:0, instance:testCases.TC002_LoginTest@7e276594]" name="verify_login" class="testCases.TC002_LoginTest"/>
      </group> <!-- Master -->
      <group name="Sanity">
        <method signature="TC002_LoginTest.verify_login()[pri:0, instance:testCases.TC002_LoginTest@7e276594]" name="verify_login" class="testCases.TC002_LoginTest"/>
      </group> <!-- Sanity -->
      <group name="Regression">
        <method signature="TC001_AccountRegistrationTest.verify_account_registartion()[pri:0, instance:testCases.TC001_AccountRegistrationTest@73173f63]" name="verify_account_registartion" class="testCases.TC001_AccountRegistrationTest"/>
      </group> <!-- Regression -->
    </groups>
    <test started-at="2025-12-25T15:04:51 IST" name="Test" finished-at="2025-12-25T15:05:01 IST" duration-ms="10696">
      <class name="testCases.TC002_LoginTest">
        <test-method is-config="true" signature="setUp(java.lang.String,java.lang.String)[pri:0, instance:testCases.TC002_LoginTest@7e276594]" started-at="2025-12-25T15:04:57 IST" name="setUp" finished-at="2025-12-25T15:04:59 IST" duration-ms="2115" status="PASS">
          <params>
            <param index="0">
              <value>
                <![CDATA[Windows]]>
              </value>
            </param>
            <param index="1">
              <value>
                <![CDATA[chrome]]>
              </value>
            </param>
          </params>
          <reporter-output>
          </reporter-output>
        </test-method> <!-- setUp -->
        <test-method signature="verify_login()[pri:0, instance:testCases.TC002_LoginTest@7e276594]" started-at="2025-12-25T15:04:59 IST" name="verify_login" finished-at="2025-12-25T15:05:01 IST" duration-ms="1538" status="PASS">
          <reporter-output>
          </reporter-output>
        </test-method> <!-- verify_login -->
        <test-method is-config="true" signature="tearDown()[pri:0, instance:testCases.TC002_LoginTest@7e276594]" started-at="2025-12-25T15:05:01 IST" name="tearDown" finished-at="2025-12-25T15:05:01 IST" duration-ms="304" status="PASS">
          <reporter-output>
          </reporter-output>
        </test-method> <!-- tearDown -->
      </class> <!-- testCases.TC002_LoginTest -->
      <class name="testCases.TC001_AccountRegistrationTest">
        <test-method is-config="true" signature="setUp(java.lang.String,java.lang.String)[pri:0, instance:testCases.TC001_AccountRegistrationTest@73173f63]" started-at="2025-12-25T15:04:51 IST" name="setUp" finished-at="2025-12-25T15:04:55 IST" duration-ms="3717" status="PASS">
          <params>
            <param index="0">
              <value>
                <![CDATA[Windows]]>
              </value>
            </param>
            <param index="1">
              <value>
                <![CDATA[chrome]]>
              </value>
            </param>
          </params>
          <reporter-output>
          </reporter-output>
        </test-method> <!-- setUp -->
        <test-method signature="verify_account_registartion()[pri:0, instance:testCases.TC001_AccountRegistrationTest@73173f63]" started-at="2025-12-25T15:04:55 IST" name="verify_account_registartion" finished-at="2025-12-25T15:04:57 IST" duration-ms="2427" status="PASS">
          <reporter-output>
          </reporter-output>
        </test-method> <!-- verify_account_registartion -->
        <test-method is-config="true" signature="tearDown()[pri:0, instance:testCases.TC001_AccountRegistrationTest@73173f63]" started-at="2025-12-25T15:04:57 IST" name="tearDown" finished-at="2025-12-25T15:04:57 IST" duration-ms="304" status="PASS">
          <reporter-output>
          </reporter-output>
        </test-method> <!-- tearDown -->
      </class> <!-- testCases.TC001_AccountRegistrationTest -->
    </test> <!-- Test -->
  </suite> <!-- Suite -->
</testng-results>
