<?xml version="1.0" encoding="UTF-8"?>
<testng-results ignored="0" total="2" passed="2" failed="0" skipped="0">
  <reporter-output>
  </reporter-output>
  <suite started-at="2025-12-25T14:22:07 IST" name="Suite" finished-at="2025-12-25T14:22:18 IST" duration-ms="10331">
    <groups>
      <group name="Master">
        <method signature="TC001_AccountRegistrationTest.verify_account_registartion()[pri:0, instance:testCases.TC001_AccountRegistrationTest@3fa2213]" name="verify_account_registartion" class="testCases.TC001_AccountRegistrationTest"/>
        <method signature="TC002_LoginTest.verify_login()[pri:0, instance:testCases.TC002_LoginTest@6035b93b]" name="verify_login" class="testCases.TC002_LoginTest"/>
      </group> <!-- Master -->
      <group name="Sanity">
        <method signature="TC002_LoginTest.verify_login()[pri:0, instance:testCases.TC002_LoginTest@6035b93b]" name="verify_login" class="testCases.TC002_LoginTest"/>
      </group> <!-- Sanity -->
      <group name="Regression">
        <method signature="TC001_AccountRegistrationTest.verify_account_registartion()[pri:0, instance:testCases.TC001_AccountRegistrationTest@3fa2213]" name="verify_account_registartion" class="testCases.TC001_AccountRegistrationTest"/>
      </group> <!-- Regression -->
    </groups>
    <test started-at="2025-12-25T14:22:07 IST" name="Test" finished-at="2025-12-25T14:22:18 IST" duration-ms="10331">
      <class name="testCases.TC002_LoginTest">
        <test-method is-config="true" signature="setUp(java.lang.String,java.lang.String)[pri:0, instance:testCases.TC002_LoginTest@6035b93b]" started-at="2025-12-25T14:22:13 IST" name="setUp" finished-at="2025-12-25T14:22:16 IST" duration-ms="2060" status="PASS">
          <params>
            <param index="0">
              <value>
                <![CDATA[Windows]]>
              </value>
            </param>
            <param index="1">
              <value>
                <![CDATA[chrome]]>
              </value>
            </param>
          </params>
          <reporter-output>
          </reporter-output>
        </test-method> <!-- setUp -->
        <test-method signature="verify_login()[pri:0, instance:testCases.TC002_LoginTest@6035b93b]" started-at="2025-12-25T14:22:16 IST" name="verify_login" finished-at="2025-12-25T14:22:17 IST" duration-ms="1758" status="PASS">
          <reporter-output>
          </reporter-output>
        </test-method> <!-- verify_login -->
        <test-method is-config="true" signature="tearDown()[pri:0, instance:testCases.TC002_LoginTest@6035b93b]" started-at="2025-12-25T14:22:17 IST" name="tearDown" finished-at="2025-12-25T14:22:18 IST" duration-ms="297" status="PASS">
          <reporter-output>
          </reporter-output>
        </test-method> <!-- tearDown -->
      </class> <!-- testCases.TC002_LoginTest -->
      <class name="testCases.TC001_AccountRegistrationTest">
        <test-method is-config="true" signature="setUp(java.lang.String,java.lang.String)[pri:0, instance:testCases.TC001_AccountRegistrationTest@3fa2213]" started-at="2025-12-25T14:22:07 IST" name="setUp" finished-at="2025-12-25T14:22:10 IST" duration-ms="2666" status="PASS">
          <params>
            <param index="0">
              <value>
                <![CDATA[Windows]]>
              </value>
            </param>
            <param index="1">
              <value>
                <![CDATA[chrome]]>
              </value>
            </param>
          </params>
          <reporter-output>
          </reporter-output>
        </test-method> <!-- setUp -->
        <test-method signature="verify_account_registartion()[pri:0, instance:testCases.TC001_AccountRegistrationTest@3fa2213]" started-at="2025-12-25T14:22:10 IST" name="verify_account_registartion" finished-at="2025-12-25T14:22:13 IST" duration-ms="2862" status="PASS">
          <reporter-output>
          </reporter-output>
        </test-method> <!-- verify_account_registartion -->
        <test-method is-config="true" signature="tearDown()[pri:0, instance:testCases.TC001_AccountRegistrationTest@3fa2213]" started-at="2025-12-25T14:22:13 IST" name="tearDown" finished-at="2025-12-25T14:22:13 IST" duration-ms="341" status="PASS">
          <reporter-output>
          </reporter-output>
        </test-method> <!-- tearDown -->
      </class> <!-- testCases.TC001_AccountRegistrationTest -->
    </test> <!-- Test -->
  </suite> <!-- Suite -->
</testng-results>
